android/app/build/intermediates/manifest_merge_blame_file/release/manifest-merger-blame-release-report.txt
1<?xml version="1.0" encoding="utf-8"?>
2<manifest xmlns:android="http://schemas.android.com/apk/res/android"
3    package="com.flashlight"
4    android:versionCode="1"
5    android:versionName="1.0" >
6
7    <uses-sdk
8        android:minSdkVersion="21"
8-->src\main\AndroidManifest.xml
9        android:targetSdkVersion="31" />
9-->src\main\AndroidManifest.xml
10
11    <uses-permission android:name="android.permission.INTERNET" />
11-->src\main\AndroidManifest.xml:4:5-67
11-->src\main\AndroidManifest.xml:4:22-64
12    <uses-permission android:name="android.permission.CAMERA" />
12-->[:react-native-torch] AndroidManifest.xml:9:5-65
12-->[:react-native-torch] AndroidManifest.xml:9:22-62
13    <uses-permission android:name="android.permission.FLASHLIGHT" />
13-->[:react-native-torch] AndroidManifest.xml:10:5-69
13-->[:react-native-torch] AndroidManifest.xml:10:22-66
14
15    <application
15-->src\main\AndroidManifest.xml:6:5-25:19
16        android:name="com.flashlight.MainApplication"
16-->src\main\AndroidManifest.xml:7:7-38
17        android:allowBackup="false"
17-->src\main\AndroidManifest.xml:11:7-34
18        android:appComponentFactory="androidx.core.app.CoreComponentFactory"
18-->[androidx.core:core:1.1.0] AndroidManifest.xml:24:18-86
19        android:icon="@mipmap/ic_launcher"
19-->src\main\AndroidManifest.xml:9:7-41
20        android:label="@string/app_name"
20-->src\main\AndroidManifest.xml:8:7-39
21        android:roundIcon="@mipmap/ic_launcher_round"
21-->src\main\AndroidManifest.xml:10:7-52
22        android:theme="@style/AppTheme" >
22-->src\main\AndroidManifest.xml:12:7-38
23        <activity
23-->src\main\AndroidManifest.xml:13:7-24:18
24            android:name="com.flashlight.MainActivity"
24-->src\main\AndroidManifest.xml:14:9-37
25            android:configChanges="keyboard|keyboardHidden|orientation|screenLayout|screenSize|smallestScreenSize|uiMode"
25-->src\main\AndroidManifest.xml:16:9-118
26            android:exported="true"
26-->src\main\AndroidManifest.xml:19:9-32
27            android:label="@string/app_name"
27-->src\main\AndroidManifest.xml:15:9-41
28            android:launchMode="singleTask"
28-->src\main\AndroidManifest.xml:17:9-40
29            android:windowSoftInputMode="adjustResize" >
29-->src\main\AndroidManifest.xml:18:9-51
30            <intent-filter>
30-->src\main\AndroidManifest.xml:20:9-23:25
31                <action android:name="android.intent.action.MAIN" />
31-->src\main\AndroidManifest.xml:21:13-65
31-->src\main\AndroidManifest.xml:21:21-62
32
33                <category android:name="android.intent.category.LAUNCHER" />
33-->src\main\AndroidManifest.xml:22:13-73
33-->src\main\AndroidManifest.xml:22:23-70
34            </intent-filter>
35        </activity>
36    </application>
37
38</manifest>